<?xml version="1.0" encoding="UTF-8"?>
<testsuite name="api.yandex.tests.FolderCreationTests" tests="1" skipped="0" failures="0" errors="0" timestamp="2022-08-04T17:43:27" hostname="LOFT" time="2.331">
  <properties/>
  <testcase name="testCreationFolder" classname="api.yandex.tests.FolderCreationTests" time="2.331"/>
  <system-out><![CDATA[{
    "href": "https://cloud-api.yandex.net/v1/disk/resources?path=disk%3A%2FNewFolder",
    "method": "GET",
    "templated": false
}
{
    "_embedded": {
        "sort": "",
        "items": [
            
        ],
        "limit": 20,
        "offset": 0,
        "path": "disk:/NewFolder",
        "total": 0
    },
    "name": "NewFolder",
    "exif": {
        
    },
    "resource_id": "1670528928:9919707b8150676d3ecea09eee1563b646678d8a8d4f0051f75550961a4e6f6b",
    "created": "2022-08-04T17:43:31+00:00",
    "modified": "2022-08-04T17:43:31+00:00",
    "path": "disk:/NewFolder",
    "comment_ids": {
        "private_resource": "1670528928:9919707b8150676d3ecea09eee1563b646678d8a8d4f0051f75550961a4e6f6b",
        "public_resource": "1670528928:9919707b8150676d3ecea09eee1563b646678d8a8d4f0051f75550961a4e6f6b"
    },
    "type": "dir",
    "revision": 1659635011017005
}
]]></system-out>
  <system-err><![CDATA[]]></system-err>
</testsuite>
