<?xml version="1.0" encoding="UTF-8"?>
<testsuite name="ui.yandex.tests.FolderManipulationTests" tests="1" skipped="0" failures="0" errors="0" timestamp="2022-08-05T08:42:50" hostname="LOFT" time="8.676">
  <properties/>
  <testcase name="deleteCopiedFileFromFolder" classname="ui.yandex.tests.FolderManipulationTests" time="8.676"/>
  <system-out><![CDATA[Файл для копирования.jpg
]]></system-out>
  <system-err><![CDATA[]]></system-err>
</testsuite>
