<?xml version="1.0" encoding="UTF-8"?>
<testsuite name="ui.yandex.tests.FolderManipulationTests" tests="1" skipped="0" failures="0" errors="0" timestamp="2022-08-05T13:14:10" hostname="MacBook-Air-Aleksandra.local" time="17.896">
  <properties/>
  <testcase name="createFolderAndUploadFileTest" classname="ui.yandex.tests.FolderManipulationTests" time="17.896"/>
  <system-out><![CDATA[]]></system-out>
  <system-err><![CDATA[]]></system-err>
</testsuite>
